[debug] [2023-08-25T16:45:20.558Z] ----------------------------------------------------------------------
[debug] [2023-08-25T16:45:20.561Z] Command:       /Users/rajthaker/.nvm/versions/node/v19.9.0/bin/node /Users/rajthaker/.nvm/versions/node/v19.9.0/bin/firebase login
[debug] [2023-08-25T16:45:20.561Z] CLI Version:   12.4.5
[debug] [2023-08-25T16:45:20.561Z] Platform:      darwin
[debug] [2023-08-25T16:45:20.562Z] Node Version:  v19.9.0
[debug] [2023-08-25T16:45:20.562Z] Time:          Fri Aug 25 2023 10:45:20 GMT-0600 (Mountain Daylight Time)
[debug] [2023-08-25T16:45:20.562Z] ----------------------------------------------------------------------
[debug] 
[info] i  Firebase optionally collects CLI and Emulator Suite usage and error reporting information to help improve our products. Data is collected in accordance with Google's privacy policy (https://policies.google.com/privacy) and is not used to identify you.
 
[info] 
[info] Visit this URL on this device to log in:
[info] https://accounts.google.com/o/oauth2/auth?client_id=563584335869-fgrhgmd47bqnekij5i8b5pr03ho849e6.apps.googleusercontent.com&scope=email%20openid%20https%3A%2F%2Fwww.googleapis.com%2Fauth%2Fcloudplatformprojects.readonly%20https%3A%2F%2Fwww.googleapis.com%2Fauth%2Ffirebase%20https%3A%2F%2Fwww.googleapis.com%2Fauth%2Fcloud-platform&response_type=code&state=799329048&redirect_uri=http%3A%2F%2Flocalhost%3A9005
[info] 
[info] Waiting for authentication...
[debug] [2023-08-25T16:45:43.010Z] ----------------------------------------------------------------------
[debug] [2023-08-25T16:45:43.013Z] Command:       /Users/rajthaker/.nvm/versions/node/v19.9.0/bin/node /Users/rajthaker/.nvm/versions/node/v19.9.0/bin/firebase login
[debug] [2023-08-25T16:45:43.013Z] CLI Version:   12.4.5
[debug] [2023-08-25T16:45:43.013Z] Platform:      darwin
[debug] [2023-08-25T16:45:43.013Z] Node Version:  v19.9.0
[debug] [2023-08-25T16:45:43.014Z] Time:          Fri Aug 25 2023 10:45:43 GMT-0600 (Mountain Daylight Time)
[debug] [2023-08-25T16:45:43.014Z] ----------------------------------------------------------------------
[debug] 
[info] i  Firebase optionally collects CLI and Emulator Suite usage and error reporting information to help improve our products. Data is collected in accordance with Google's privacy policy (https://policies.google.com/privacy) and is not used to identify you.
 
[info] 
[info] Visit this URL on this device to log in:
[info] https://accounts.google.com/o/oauth2/auth?client_id=563584335869-fgrhgmd47bqnekij5i8b5pr03ho849e6.apps.googleusercontent.com&scope=email%20openid%20https%3A%2F%2Fwww.googleapis.com%2Fauth%2Fcloudplatformprojects.readonly%20https%3A%2F%2Fwww.googleapis.com%2Fauth%2Ffirebase%20https%3A%2F%2Fwww.googleapis.com%2Fauth%2Fcloud-platform&response_type=code&state=485992144&redirect_uri=http%3A%2F%2Flocalhost%3A9005
[info] 
[info] Waiting for authentication...
[debug] [2023-08-25T16:46:16.877Z] ----------------------------------------------------------------------
[debug] [2023-08-25T16:46:16.881Z] Command:       /Users/rajthaker/.nvm/versions/node/v19.9.0/bin/node /Users/rajthaker/.nvm/versions/node/v19.9.0/bin/firebase login
[debug] [2023-08-25T16:46:16.882Z] CLI Version:   12.4.5
[debug] [2023-08-25T16:46:16.882Z] Platform:      darwin
[debug] [2023-08-25T16:46:16.883Z] Node Version:  v19.9.0
[debug] [2023-08-25T16:46:16.883Z] Time:          Fri Aug 25 2023 10:46:16 GMT-0600 (Mountain Daylight Time)
[debug] [2023-08-25T16:46:16.883Z] ----------------------------------------------------------------------
[debug] 
[info] i  Firebase optionally collects CLI and Emulator Suite usage and error reporting information to help improve our products. Data is collected in accordance with Google's privacy policy (https://policies.google.com/privacy) and is not used to identify you.
 
[info] 
[info] Visit this URL on this device to log in:
[info] https://accounts.google.com/o/oauth2/auth?client_id=563584335869-fgrhgmd47bqnekij5i8b5pr03ho849e6.apps.googleusercontent.com&scope=email%20openid%20https%3A%2F%2Fwww.googleapis.com%2Fauth%2Fcloudplatformprojects.readonly%20https%3A%2F%2Fwww.googleapis.com%2Fauth%2Ffirebase%20https%3A%2F%2Fwww.googleapis.com%2Fauth%2Fcloud-platform&response_type=code&state=54135353&redirect_uri=http%3A%2F%2Flocalhost%3A9005
[info] 
[info] Waiting for authentication...
